<?xml version="1.0" encoding="UTF-8"?>
<robot generator="Robot 4.1.2 (Python 3.9.2 on darwin)" generated="20211130 15:13:48.386" rpa="false" schemaversion="2">
<suite id="s1" name="Tests" source="/Users/santeripitkanen/reading-tip-library/src/tests">
<suite id="s1-s1" name="Test" source="/Users/santeripitkanen/reading-tip-library/src/tests/test.robot">
<test id="s1-s1-t1" name="No items when 0 items added">
<kw name="Number Of Items">
<arg>0</arg>
<msg timestamp="20211130 15:13:48.466" level="FAIL">No keyword with name 'Number Of Items' found.</msg>
<status status="FAIL" starttime="20211130 15:13:48.466" endtime="20211130 15:13:48.466"/>
</kw>
<status status="FAIL" starttime="20211130 15:13:48.462" endtime="20211130 15:13:48.467">No keyword with name 'Number Of Items' found.</status>
</test>
<test id="s1-s1-t2" name="No Of Items 1 After Creating New Tip">
<kw name="Input 1 Command" library="resource">
<kw name="Input">
<arg>1</arg>
<msg timestamp="20211130 15:13:48.471" level="FAIL">No keyword with name 'Input' found.</msg>
<status status="FAIL" starttime="20211130 15:13:48.471" endtime="20211130 15:13:48.471"/>
</kw>
<status status="FAIL" starttime="20211130 15:13:48.468" endtime="20211130 15:13:48.472"/>
</kw>
<kw name="Input New Tip" library="resource">
<arg>newTip</arg>
<arg>newUrl</arg>
<status status="NOT RUN" starttime="20211130 15:13:48.472" endtime="20211130 15:13:48.472"/>
</kw>
<kw name="Number Of Items">
<arg>1</arg>
<status status="NOT RUN" starttime="20211130 15:13:48.475" endtime="20211130 15:13:48.475"/>
</kw>
<status status="FAIL" starttime="20211130 15:13:48.468" endtime="20211130 15:13:48.475">No keyword with name 'Input' found.</status>
</test>
<status status="FAIL" starttime="20211130 15:13:48.452" endtime="20211130 15:13:48.476"/>
</suite>
<status status="FAIL" starttime="20211130 15:13:48.395" endtime="20211130 15:13:48.477"/>
</suite>
<statistics>
<total>
<stat pass="0" fail="2" skip="0">All Tests</stat>
</total>
<tag>
</tag>
<suite>
<stat pass="0" fail="2" skip="0" id="s1" name="Tests">Tests</stat>
<stat pass="0" fail="2" skip="0" id="s1-s1" name="Test">Tests.Test</stat>
</suite>
</statistics>
<errors>
<msg timestamp="20211130 15:13:48.461" level="ERROR">Error in file '/Users/santeripitkanen/reading-tip-library/src/tests/resource.robot' on line 2: Importing library '/Users/santeripitkanen/reading-tip-library/src/robotLibrary.py' failed: ImportError: cannot import name 'StubIo' from 'stub_io' (/Users/santeripitkanen/reading-tip-library/src/stub_io.py)
Traceback (most recent call last):
  File "/Users/santeripitkanen/reading-tip-library/src/robotLibrary.py", line 1, in &lt;module&gt;
    from stub_io import StubIo
PYTHONPATH:
  /Users/santeripitkanen/Library/Caches/pypoetry/virtualenvs/reading-tip-library-F5fYLgND-py3.9/bin
  /Library/Frameworks/Python.framework/Versions/3.9/lib/python39.zip
  /Library/Frameworks/Python.framework/Versions/3.9/lib/python3.9
  /Library/Frameworks/Python.framework/Versions/3.9/lib/python3.9/lib-dynload
  /Users/santeripitkanen/Library/Caches/pypoetry/virtualenvs/reading-tip-library-F5fYLgND-py3.9/lib/python3.9/site-packages</msg>
</errors>
</robot>
